<?xml version="1.0" encoding="UTF-8"?>
<!-- Generated by org.testng.reporters.JUnitReportReporter -->
<testsuite hostname="LIN-5CD5329NYL" failures="0" tests="5" name="Oct_17.Groups" time="0.019" errors="0" timestamp="2025-10-17T10:31:51 IST" skipped="0">
  <testcase classname="Oct_17.Groups" name="A" time="0.010"/>
  <testcase classname="Oct_17.Groups" name="B" time="0.003"/>
  <testcase classname="Oct_17.Groups" name="D" time="0.002"/>
  <testcase classname="Oct_17.Groups" name="F" time="0.002"/>
  <testcase classname="Oct_17.Groups" name="C" time="0.002"/>
</testsuite> <!-- Oct_17.Groups -->
