<?xml version="1.0" encoding="UTF-8"?>
<!-- Generated by org.testng.reporters.JUnitReportReporter -->
<testsuite hostname="LIN-5CD5329NYL" failures="0" tests="1" name="Oct_15.ValidationDemo" time="0.027" errors="0" timestamp="2025-10-15T16:19:21 IST" skipped="0">
  <testcase classname="Oct_15.ValidationDemo" name="Tc2" time="0.027"/>
</testsuite> <!-- Oct_15.ValidationDemo -->
