<?xml version="1.0" encoding="UTF-8"?>
<!-- Generated by org.testng.reporters.JUnitReportReporter -->
<testsuite hostname="LIN-5CD5329NYL" failures="0" tests="1" name="Oct_15.Sample" time="0.012" errors="0" timestamp="2025-10-15T15:32:30 IST" skipped="0">
  <testcase classname="Oct_15.Sample" name="display" time="0.012"/>
</testsuite> <!-- Oct_15.Sample -->
