<?xml version="1.0" encoding="UTF-8"?>
<!-- Generated by org.testng.reporters.JUnitReportReporter -->
<testsuite hostname="LIN-5CD5329NYL" failures="0" tests="5" name="Oct_17.ParallelDemo" time="0.056" errors="0" timestamp="2025-10-17T11:08:49 IST" skipped="0">
  <testcase classname="Oct_17.ParallelDemo" name="C" time="0.017"/>
  <testcase classname="Oct_17.ParallelDemo" name="F" time="0.003"/>
  <testcase classname="Oct_17.ParallelDemo" name="B" time="0.017"/>
  <testcase classname="Oct_17.ParallelDemo" name="A" time="0.017"/>
  <testcase classname="Oct_17.ParallelDemo" name="D" time="0.002"/>
</testsuite> <!-- Oct_17.ParallelDemo -->
